Ybus has been initialized

Node2idx size: 41
Node2idx dictionary:
{'646.2': 0, '645.2': 1, '645.3': 2, '646.3': 3, '633.1': 4, '632.1': 5, '632.2': 6, '632.3': 7, '633.2': 8, '633.3': 9, '670.1': 10, '671.1': 11, '671.2': 12, '671.3': 13, '670.2': 14, '670.3': 15, 'RG60.1': 16, 'RG60.2': 17, 'RG60.3': 18, '680.1': 19, '680.2': 20, '680.3': 21, '684.1': 22, '684.3': 23, '611.3': 24, '652.1': 25, '675.1': 26, '692.1': 27, '692.2': 28, '692.3': 29, '675.2': 30, '675.3': 31, '650.1': 32, 'SOURCEBUS.1': 33, 'SOURCEBUS.3': 34, '650.2': 35, 'SOURCEBUS.2': 36, '650.3': 37, '634.1': 38, '634.2': 39, '634.3': 40}

src_idxs: [33, 36, 34]
CandidateVnomVec node: 646.2, index: 0, cartesian value: (-1200.8885599144212-2080.0000000000005j), polar value: (2401.7771198288433, -119.99999999999999)
CandidateVnomVec node: 645.2, index: 1, cartesian value: (-1200.8885599144212-2080.0000000000005j), polar value: (2401.7771198288433, -119.99999999999999)
CandidateVnomVec node: 645.3, index: 2, cartesian value: (-1200.8885599144212+2080.0000000000005j), polar value: (2401.7771198288433, 119.99999999999999)
CandidateVnomVec node: 646.3, index: 3, cartesian value: (-1200.8885599144212+2080.0000000000005j), polar value: (2401.7771198288433, 119.99999999999999)
CandidateVnomVec node: 633.1, index: 4, cartesian value: (2401.7771198288433+0j), polar value: (2401.7771198288433, 0.0)
CandidateVnomVec node: 632.1, index: 5, cartesian value: (2401.7771198288433+0j), polar value: (2401.7771198288433, 0.0)
CandidateVnomVec node: 632.2, index: 6, cartesian value: (-1200.8885599144212-2080.0000000000005j), polar value: (2401.7771198288433, -119.99999999999999)
CandidateVnomVec node: 632.3, index: 7, cartesian value: (-1200.8885599144212+2080.0000000000005j), polar value: (2401.7771198288433, 119.99999999999999)
CandidateVnomVec node: 633.2, index: 8, cartesian value: (-1200.8885599144212-2080.0000000000005j), polar value: (2401.7771198288433, -119.99999999999999)
CandidateVnomVec node: 633.3, index: 9, cartesian value: (-1200.8885599144212+2080.0000000000005j), polar value: (2401.7771198288433, 119.99999999999999)
CandidateVnomVec node: 670.1, index: 10, cartesian value: (2401.7771198288433+0j), polar value: (2401.7771198288433, 0.0)
CandidateVnomVec node: 671.1, index: 11, cartesian value: (2401.7771198288433+0j), polar value: (2401.7771198288433, 0.0)
CandidateVnomVec node: 671.2, index: 12, cartesian value: (-1200.8885599144212-2080.0000000000005j), polar value: (2401.7771198288433, -119.99999999999999)
CandidateVnomVec node: 671.3, index: 13, cartesian value: (-1200.8885599144212+2080.0000000000005j), polar value: (2401.7771198288433, 119.99999999999999)
CandidateVnomVec node: 670.2, index: 14, cartesian value: (-1200.8885599144212-2080.0000000000005j), polar value: (2401.7771198288433, -119.99999999999999)
CandidateVnomVec node: 670.3, index: 15, cartesian value: (-1200.8885599144212+2080.0000000000005j), polar value: (2401.7771198288433, 119.99999999999999)
CandidateVnomVec node: RG60.1, index: 16, cartesian value: (2401.7771198288433+0j), polar value: (2401.7771198288433, 0.0)
CandidateVnomVec node: RG60.2, index: 17, cartesian value: (-1200.8885599144212-2080.0000000000005j), polar value: (2401.7771198288433, -119.99999999999999)
CandidateVnomVec node: RG60.3, index: 18, cartesian value: (-1200.8885599144212+2080.0000000000005j), polar value: (2401.7771198288433, 119.99999999999999)
CandidateVnomVec node: 680.1, index: 19, cartesian value: (2401.7771198288433+0j), polar value: (2401.7771198288433, 0.0)
CandidateVnomVec node: 680.2, index: 20, cartesian value: (-1200.8885599144212-2080.0000000000005j), polar value: (2401.7771198288433, -119.99999999999999)
CandidateVnomVec node: 680.3, index: 21, cartesian value: (-1200.8885599144212+2080.0000000000005j), polar value: (2401.7771198288433, 119.99999999999999)
CandidateVnomVec node: 684.1, index: 22, cartesian value: (2401.7771198288433+0j), polar value: (2401.7771198288433, 0.0)
CandidateVnomVec node: 684.3, index: 23, cartesian value: (-1200.8885599144212+2080.0000000000005j), polar value: (2401.7771198288433, 119.99999999999999)
CandidateVnomVec node: 611.3, index: 24, cartesian value: (-1200.8885599144212+2080.0000000000005j), polar value: (2401.7771198288433, 119.99999999999999)
CandidateVnomVec node: 652.1, index: 25, cartesian value: (2401.7771198288433+0j), polar value: (2401.7771198288433, 0.0)
CandidateVnomVec node: 675.1, index: 26, cartesian value: (2401.7771198288433+0j), polar value: (2401.7771198288433, 0.0)
CandidateVnomVec node: 692.1, index: 27, cartesian value: (2401.7771198288433+0j), polar value: (2401.7771198288433, 0.0)
CandidateVnomVec node: 692.2, index: 28, cartesian value: (-1200.8885599144212-2080.0000000000005j), polar value: (2401.7771198288433, -119.99999999999999)
CandidateVnomVec node: 692.3, index: 29, cartesian value: (-1200.8885599144212+2080.0000000000005j), polar value: (2401.7771198288433, 119.99999999999999)
CandidateVnomVec node: 675.2, index: 30, cartesian value: (-1200.8885599144212-2080.0000000000005j), polar value: (2401.7771198288433, -119.99999999999999)
CandidateVnomVec node: 675.3, index: 31, cartesian value: (-1200.8885599144212+2080.0000000000005j), polar value: (2401.7771198288433, 119.99999999999999)
CandidateVnomVec node: 650.1, index: 32, cartesian value: (2401.7771198288433+0j), polar value: (2401.7771198288433, 0.0)
CandidateVnomVec node: SOURCEBUS.1, index: 33, cartesian value: (57499.99985387391+33197.6407315013j), polar value: (66395.28095680696, 30.0000002521989)
CandidateVnomVec node: SOURCEBUS.3, index: 34, cartesian value: (-57500.00014612608+33197.64022530569j), polar value: (66395.28095680696, 150.00000025219887)
CandidateVnomVec node: 650.2, index: 35, cartesian value: (-1200.8885599144212-2080.0000000000005j), polar value: (2401.7771198288433, -119.99999999999999)
CandidateVnomVec node: SOURCEBUS.2, index: 36, cartesian value: (0.00029225219363589357-66395.28095680696j), polar value: (66395.28095680696, -89.9999997478011)
CandidateVnomVec node: 650.3, index: 37, cartesian value: (-1200.8885599144212+2080.0000000000005j), polar value: (2401.7771198288433, 119.99999999999999)
CandidateVnomVec node: 634.1, index: 38, cartesian value: (277.1281292110204+0j), polar value: (277.1281292110204, 0.0)
CandidateVnomVec node: 634.2, index: 39, cartesian value: (-138.56406460551014-240.00000000000003j), polar value: (277.1281292110204, -119.99999999999999)
CandidateVnomVec node: 634.3, index: 40, cartesian value: (-138.56406460551014+240.00000000000003j), polar value: (277.1281292110204, 119.99999999999999)
Found RatioTapChanger mRIDs: []
Found ConductingEquipment mRIDs: [('_0c90b7b0-0610-460a-8575-cc7e6b824eb3', 'EnergyConsumer', 31, None), ('_1adcc7ff-1229-4aab-a23a-e227ef53eb35', 'EnergyConsumer', 14, None), ('_29956d3d-1949-44a1-bd05-4254fcf6ab7a', 'EnergyConsumer', 10, None), ('_2bd638ee-b6f0-4ee9-b5a6-0db95e6549d7', 'EnergyConsumer', 26, None), ('_3264c4c0-d737-4e65-a5ba-9aae4d42ff0c', 'EnergyConsumer', 38, None), ('_3ad11248-b93a-477a-a0a3-845e15afcffa', 'EnergyConsumer', 40, None), ('_4366c79d-a7c9-416e-a492-a6358f288168', 'LinearShuntCompensator', 24, None), ('_51358b8b-a237-4fcb-a7a4-06ebab4bf8d9', 'LinearShuntCompensator', 30, None), ('_59a65474-9d9f-4948-b12f-0f26f24df03f', 'LinearShuntCompensator', 26, None), ('_65168dcb-498a-4308-97b6-bb912b85e063', 'LinearShuntCompensator', 31, None), ('_6d1a82b2-e61a-4748-b26d-5b18638196f8', 'EnergyConsumer', 0, None), ('_73da71ba-7e52-428f-969f-3558d6ba3ec0', 'EnergyConsumer', 25, None), ('_8625139c-9b7f-424c-bdee-769f4789d6d8', 'EnergyConsumer', 1, None), ('_86487f20-9c50-4033-9290-8d7ddd9d0c42', 'EnergyConsumer', 24, None), ('_86ae698a-465a-4d93-a5f9-0089a53ed087', 'EnergyConsumer', 13, None), ('_960108af-0366-45ef-a206-5428cf5cc479', 'EnergyConsumer', 39, None), ('_9bb588af-1f9d-48cd-bd45-b58fd6bedfb5', 'EnergyConsumer', 12, None), ('_aadc38fd-60f1-4dce-8513-341950e73a51', 'EnergyConsumer', 30, None), ('_cb72265b-76ff-480b-a0be-cac7c53e0574', 'EnergyConsumer', 15, None), ('_ccad9551-7516-436b-84fe-819e0ac84513', 'EnergyConsumer', 11, None), ('_ccd7dc0e-8a0d-4414-a001-8cbdcc9a51dc', 'EnergyConsumer', 29, None)]
Found PNV dictionary: {39: '_01a18c36-999a-483e-8f08-f4095d0857ae', 25: '_5c7addc5-0962-448a-9bb1-f289e6e14b73', 5: '_0770d816-8945-4d8a-83ba-4befd0b1ceca', 23: '_09c6dcc8-20d9-4249-bf99-efc6a4219812', 9: '_0cb3e0eb-8152-41e5-b812-ea180291cc17', 11: '_a5eba304-ff3e-4ca2-8cba-558bab28d587', 2: '_1c2590c9-c7b0-4090-94b8-43e9b2f15477', 22: '_212713f5-2b03-4282-993c-3064558680fa', 24: '_53465430-67fe-400c-83a0-1165e0760f32', 1: '_b95a705b-041e-4ef3-b278-65c7e3311cf7', 7: '_2d7f29ef-3610-48be-a42b-759287015f89', 14: '_e5fd91c4-b2c7-4588-b13f-a28dc2c96d98', 31: '_5beee6b8-cfb3-46ec-b5c2-434411809e1c', 27: '_39905671-1860-435f-876d-171b6d7dc312', 29: '_3aed8640-d654-4e8b-8fae-c655f07253ce', 13: '_f6d703ee-627a-4ac4-8b93-2662a3f07704', 15: '_cad1e7e5-ef37-40b4-83a5-6199cb891ffd', 20: '_4d8f00e8-eccb-47fe-8919-fc053d18ed74', 18: '_5fc02153-d0d0-4a93-9ece-f61afa811f62', 10: '_cb260fda-a67c-4def-b663-b4584073dc2e', 8: '_62c46369-e4a4-44c8-bfbd-57753eda84f2', 6: '_64d914aa-0de0-49c9-b2b5-b12c6412e1e0', 30: '_8b3143b4-f8aa-4d26-baed-a065b22152a2', 0: '_88ccf5a8-7dd6-4ae1-b9b0-2a37f01621fe', 28: '_982d3a8d-32c6-4502-8093-c638c50d0fa7', 3: '_a100cb90-2513-410b-b3ee-247d6d9c0ddf', 40: '_a5365012-ad10-444d-8121-349afefbb3a5', 12: '_b21ebe14-e7bc-4615-89f5-395103750c00', 26: '_e0ef9f1d-d749-4232-b347-c34e34929b11', 19: '_ad4f6589-46dd-479d-932e-8757be636de2', 21: '_be5eb52a-aa67-497b-920b-61c67cf43492', 17: '_d01caddf-1390-4819-a492-18846eae16b8', 4: '_d52476dc-6c4c-4cce-900c-6d15fb8e35de', 16: '_e07fbc4b-63ed-421d-9d5e-ea5d63fa200c', 38: '_f82ea40f-48bf-4d90-8c69-d5460840a6f2'}
PNV dictionary size: 35

Initial Sinj:
[0.+0.j 0.+0.j 0.+0.j 0.+0.j 0.+0.j 0.+0.j 0.+0.j 0.+0.j 0.+0.j 0.+0.j
 0.+0.j 0.+0.j 0.+0.j 0.+0.j 0.+0.j 0.+0.j 0.+0.j 0.+0.j 0.+0.j 0.+0.j
 0.+0.j 0.+0.j 0.+0.j 0.+0.j 0.+0.j 0.+0.j 0.+0.j 0.+0.j 0.+0.j 0.+0.j
 0.+0.j 0.+0.j 0.+0.j 0.+1.j 0.+1.j 0.+0.j 0.+1.j 0.+0.j 0.+0.j 0.+0.j
 0.+0.j]

Final Sinj:
646.2: (-230000-132000.00000000003j)
645.2: (-170000-125000j)
645.3: 0j
646.3: 0j
633.1: 0j
632.1: 0j
632.2: 0j
632.3: 0j
633.2: 0j
633.3: 0j
670.1: (-16999.999999999996-9999.999999999998j)
671.1: (-385000-219999.99999999997j)
671.2: (-385000-219999.99999999997j)
671.3: (-385000-219999.99999999997j)
670.2: (-66000-38000j)
670.3: (-117000-68000j)
RG60.1: 0j
RG60.2: 0j
RG60.3: 0j
680.1: 0j
680.2: 0j
680.3: 0j
684.1: 0j
684.3: 0j
611.3: (-170000+10279.93255127396j)
652.1: (-128000.00000000001-86000j)
675.1: (-485000+19911.456896098913j)
692.1: 0j
692.2: 0j
692.3: (-170000-150999.99999999997j)
675.2: (-67999.99999999999+157741.438189381j)
675.3: (-290000-30897.63974594255j)
650.1: 0j
SOURCEBUS.1: 1j
SOURCEBUS.3: 1j
650.2: 0j
SOURCEBUS.2: 1j
650.3: 0j
634.1: (-160000-109999.99999999999j)
634.2: (-120000-90000j)
634.3: (-120000-90000j)

converged k: 7

Vfpi:
646.2: rho: 2434.3810470907897, phi: -121.79137358045344
index: 0, sim mag: 2422.785257714844
645.2: rho: 2445.6660326474353, phi: -121.71629997531436
index: 1, sim mag: 2434.124024739062
645.3: rho: 2499.76639502194, phi: 117.2181819751448
index: 2, sim mag: 2464.2811084905725
646.3: rho: 2502.632105710099, phi: 117.19021429746374
index: 3, sim mag: 2467.1728163773055
633.1: rho: 2478.405402868207, phi: -2.588909531989147
index: 4, sim mag: 2487.589354862964
632.1: rho: 2486.651683347284, phi: -2.5323188284505056
index: 5, sim mag: 2495.952099834208
632.2: rho: 2480.1758674230314, phi: -121.53968675446511
index: 6, sim mag: 2469.7112950077017
632.3: rho: 2491.3616835674043, phi: 117.31227924373816
index: 7, sim mag: 2450.8430687690616
633.2: rho: 2475.785303075509, phi: -121.57729317663012
index: 8, sim mag: 2465.950700064185
633.3: rho: 2485.8072514995415, phi: 117.29129517439637
index: 9, sim mag: 2444.908105903905
670.1: rho: 2474.9298036624855, phi: -3.5830942465019344
index: 10, sim mag: 2489.8676516849537
671.1: rho: 2451.269850722151, phi: -5.717292867944611
index: 11, sim mag: 2475.433206245907
671.2: rho: 2516.0383675621497, phi: -121.76555186718596
index: 12, sim mag: 2500.2542683214233
671.3: rho: 2409.1273580436314, phi: 115.16123076292959
index: 13, sim mag: 2290.886056807348
670.2: rho: 2490.0599008355125, phi: -121.61104123075162
index: 14, sim mag: 2476.650627567919
670.3: rho: 2460.853343923836, phi: 116.5308504515413
index: 15, sim mag: 2394.4012037543794
RG60.1: rho: 2551.594362578089, phi: -0.006245099335367976
index: 16, sim mag: 2561.7646320994063
RG60.2: rho: 2521.6161015294074, phi: -120.00547659129195
index: 17, sim mag: 2528.0706737545297
RG60.3: rho: 2566.5751333752205, phi: 119.9932941287064
index: 18, sim mag: 2578.9261791056915
680.1: rho: 2451.2698507222053, phi: -5.717292867947919
index: 19, sim mag: 2475.433414910122
680.2: rho: 2516.0383675620888, phi: -121.76555186717881
index: 20, sim mag: 2500.254452114184
680.3: rho: 2409.1273580437205, phi: 115.16123076293265
index: 21, sim mag: 2290.886224341853
684.1: rho: 2446.3878134802912, phi: -5.71317693889541
index: 22, sim mag: 2471.3371513054994
684.3: rho: 2407.1413241391915, phi: 114.9916866082433
index: 23, sim mag: 2285.224205787125
611.3: rho: 2405.2219027520523, phi: 114.77837790649173
index: 24, sim mag: 2280.3853612845164
652.1: rho: 2432.202108754105, phi: -5.677723465066707
index: 25, sim mag: 2457.327571554337
675.1: rho: 2439.22968937278, phi: -6.075620467562167
index: 26, sim mag: 2460.5652566071903
692.1: rho: 2451.161945722069, phi: -5.724092596345177
index: 27, sim mag: 2475.412766078626
692.2: rho: 2516.1606293772525, phi: -121.76959425577289
index: 28, sim mag: 2500.245247223816
692.3: rho: 2408.944117264259, phi: 115.15649969317562
index: 29, sim mag: 2290.8738839450716
675.2: rho: 2525.191185802022, phi: -122.03493476127785
index: 30, sim mag: 2506.0363120761044
675.3: rho: 2407.824280395229, phi: 115.10029613429117
index: 31, sim mag: 2285.487609699155
650.1: rho: 2401.721909781591, phi: -0.0032147579663613242
index: 32, sim mag: 0.0
SOURCEBUS.1: rho: 66395.28095586125, phi: 30.000000249865753
index: 33, sim mag: 0.0
SOURCEBUS.3: rho: 66395.28095413007, phi: 150.00000025444396
index: 34, sim mag: 0.0
650.2: rho: 2401.730286246095, phi: -120.00280211876313
index: 35, sim mag: 0.0
SOURCEBUS.2: rho: 66395.2809585567, phi: -89.99999974818424
index: 36, sim mag: 0.0
650.3: rho: 2401.7156174515444, phi: 119.99652416518776
index: 37, sim mag: 0.0
634.1: rho: 279.34876512817203, phi: -3.2476562405688494
index: 38, sim mag: 280.50564301143385
634.2: rho: 280.46171577695, phi: -122.04298552616643
index: 39, sim mag: 279.3771931796105
634.3: rho: 281.63933007074365, phi: 116.82940930427142
index: 40, sim mag: 276.902966257518

Vfpi rho to sim magnitude CSV:
0,646.2,2434.3810470907897
1,645.2,2445.6660326474353
2,645.3,2499.76639502194
3,646.3,2502.632105710099
4,633.1,2478.405402868207
5,632.1,2486.651683347284
6,632.2,2480.1758674230314
7,632.3,2491.3616835674043
8,633.2,2475.785303075509
9,633.3,2485.8072514995415
10,670.1,2474.9298036624855
11,671.1,2451.269850722151
12,671.2,2516.0383675621497
13,671.3,2409.1273580436314
14,670.2,2490.0599008355125
15,670.3,2460.853343923836
16,RG60.1,2551.594362578089
17,RG60.2,2521.6161015294074
18,RG60.3,2566.5751333752205
19,680.1,2451.2698507222053
20,680.2,2516.0383675620888
21,680.3,2409.1273580437205
22,684.1,2446.3878134802912
23,684.3,2407.1413241391915
24,611.3,2405.2219027520523
25,652.1,2432.202108754105
26,675.1,2439.22968937278
27,692.1,2451.161945722069
28,692.2,2516.1606293772525
29,692.3,2408.944117264259
30,675.2,2525.191185802022
31,675.3,2407.824280395229
38,634.1,279.34876512817203
39,634.2,280.46171577695
40,634.3,281.63933007074365

 

Recieved Ybus update at time stamp1593119010
Resolving power flow for updated system
Node2idx size: 41
Node2idx dictionary:
{'646.2': 0, '645.2': 1, '645.3': 2, '646.3': 3, '633.1': 4, '632.1': 5, '632.2': 6, '632.3': 7, '633.2': 8, '633.3': 9, '670.1': 10, '671.1': 11, '671.2': 12, '671.3': 13, '670.2': 14, '670.3': 15, 'RG60.1': 16, 'RG60.2': 17, 'RG60.3': 18, '680.1': 19, '680.2': 20, '680.3': 21, '684.1': 22, '684.3': 23, '611.3': 24, '652.1': 25, '675.1': 26, '692.1': 27, '692.2': 28, '692.3': 29, '675.2': 30, '675.3': 31, '650.1': 32, 'SOURCEBUS.1': 33, 'SOURCEBUS.3': 34, '650.2': 35, 'SOURCEBUS.2': 36, '650.3': 37, '634.1': 38, '634.2': 39, '634.3': 40}

src_idxs: [33, 36, 34]
CandidateVnomVec node: 646.2, index: 0, cartesian value: (-1200.8885599144212-2080.0000000000005j), polar value: (2401.7771198288433, -119.99999999999999)
CandidateVnomVec node: 645.2, index: 1, cartesian value: (-1200.8885599144212-2080.0000000000005j), polar value: (2401.7771198288433, -119.99999999999999)
CandidateVnomVec node: 645.3, index: 2, cartesian value: (-1200.8885599144212+2080.0000000000005j), polar value: (2401.7771198288433, 119.99999999999999)
CandidateVnomVec node: 646.3, index: 3, cartesian value: (-1200.8885599144212+2080.0000000000005j), polar value: (2401.7771198288433, 119.99999999999999)
CandidateVnomVec node: 633.1, index: 4, cartesian value: (2401.7771198288433+0j), polar value: (2401.7771198288433, 0.0)
CandidateVnomVec node: 632.1, index: 5, cartesian value: (2401.7771198288433+0j), polar value: (2401.7771198288433, 0.0)
CandidateVnomVec node: 632.2, index: 6, cartesian value: (-1200.8885599144212-2080.0000000000005j), polar value: (2401.7771198288433, -119.99999999999999)
CandidateVnomVec node: 632.3, index: 7, cartesian value: (-1200.8885599144212+2080.0000000000005j), polar value: (2401.7771198288433, 119.99999999999999)
CandidateVnomVec node: 633.2, index: 8, cartesian value: (-1200.8885599144212-2080.0000000000005j), polar value: (2401.7771198288433, -119.99999999999999)
CandidateVnomVec node: 633.3, index: 9, cartesian value: (-1200.8885599144212+2080.0000000000005j), polar value: (2401.7771198288433, 119.99999999999999)
CandidateVnomVec node: 670.1, index: 10, cartesian value: (2401.7771198288433+0j), polar value: (2401.7771198288433, 0.0)
CandidateVnomVec node: 671.1, index: 11, cartesian value: (2401.7771198288433+0j), polar value: (2401.7771198288433, 0.0)
CandidateVnomVec node: 671.2, index: 12, cartesian value: (-1200.8885599144212-2080.0000000000005j), polar value: (2401.7771198288433, -119.99999999999999)
CandidateVnomVec node: 671.3, index: 13, cartesian value: (-1200.8885599144212+2080.0000000000005j), polar value: (2401.7771198288433, 119.99999999999999)
CandidateVnomVec node: 670.2, index: 14, cartesian value: (-1200.8885599144212-2080.0000000000005j), polar value: (2401.7771198288433, -119.99999999999999)
CandidateVnomVec node: 670.3, index: 15, cartesian value: (-1200.8885599144212+2080.0000000000005j), polar value: (2401.7771198288433, 119.99999999999999)
CandidateVnomVec node: RG60.1, index: 16, cartesian value: (2401.7771198288433+0j), polar value: (2401.7771198288433, 0.0)
CandidateVnomVec node: RG60.2, index: 17, cartesian value: (-1200.8885599144212-2080.0000000000005j), polar value: (2401.7771198288433, -119.99999999999999)
CandidateVnomVec node: RG60.3, index: 18, cartesian value: (-1200.8885599144212+2080.0000000000005j), polar value: (2401.7771198288433, 119.99999999999999)
CandidateVnomVec node: 680.1, index: 19, cartesian value: (2401.7771198288433+0j), polar value: (2401.7771198288433, 0.0)
CandidateVnomVec node: 680.2, index: 20, cartesian value: (-1200.8885599144212-2080.0000000000005j), polar value: (2401.7771198288433, -119.99999999999999)
CandidateVnomVec node: 680.3, index: 21, cartesian value: (-1200.8885599144212+2080.0000000000005j), polar value: (2401.7771198288433, 119.99999999999999)
CandidateVnomVec node: 684.1, index: 22, cartesian value: (2401.7771198288433+0j), polar value: (2401.7771198288433, 0.0)
CandidateVnomVec node: 684.3, index: 23, cartesian value: (-1200.8885599144212+2080.0000000000005j), polar value: (2401.7771198288433, 119.99999999999999)
CandidateVnomVec node: 611.3, index: 24, cartesian value: (-1200.8885599144212+2080.0000000000005j), polar value: (2401.7771198288433, 119.99999999999999)
CandidateVnomVec node: 652.1, index: 25, cartesian value: (2401.7771198288433+0j), polar value: (2401.7771198288433, 0.0)
CandidateVnomVec node: 675.1, index: 26, cartesian value: (2401.7771198288433+0j), polar value: (2401.7771198288433, 0.0)
CandidateVnomVec node: 692.1, index: 27, cartesian value: (2401.7771198288433+0j), polar value: (2401.7771198288433, 0.0)
CandidateVnomVec node: 692.2, index: 28, cartesian value: (-1200.8885599144212-2080.0000000000005j), polar value: (2401.7771198288433, -119.99999999999999)
CandidateVnomVec node: 692.3, index: 29, cartesian value: (-1200.8885599144212+2080.0000000000005j), polar value: (2401.7771198288433, 119.99999999999999)
CandidateVnomVec node: 675.2, index: 30, cartesian value: (-1200.8885599144212-2080.0000000000005j), polar value: (2401.7771198288433, -119.99999999999999)
CandidateVnomVec node: 675.3, index: 31, cartesian value: (-1200.8885599144212+2080.0000000000005j), polar value: (2401.7771198288433, 119.99999999999999)
CandidateVnomVec node: 650.1, index: 32, cartesian value: (2401.7771198288433+0j), polar value: (2401.7771198288433, 0.0)
CandidateVnomVec node: SOURCEBUS.1, index: 33, cartesian value: (57499.99985387391+33197.6407315013j), polar value: (66395.28095680696, 30.0000002521989)
CandidateVnomVec node: SOURCEBUS.3, index: 34, cartesian value: (-57500.00014612608+33197.64022530569j), polar value: (66395.28095680696, 150.00000025219887)
CandidateVnomVec node: 650.2, index: 35, cartesian value: (-1200.8885599144212-2080.0000000000005j), polar value: (2401.7771198288433, -119.99999999999999)
CandidateVnomVec node: SOURCEBUS.2, index: 36, cartesian value: (0.00029225219363589357-66395.28095680696j), polar value: (66395.28095680696, -89.9999997478011)
CandidateVnomVec node: 650.3, index: 37, cartesian value: (-1200.8885599144212+2080.0000000000005j), polar value: (2401.7771198288433, 119.99999999999999)
CandidateVnomVec node: 634.1, index: 38, cartesian value: (277.1281292110204+0j), polar value: (277.1281292110204, 0.0)
CandidateVnomVec node: 634.2, index: 39, cartesian value: (-138.56406460551014-240.00000000000003j), polar value: (277.1281292110204, -119.99999999999999)
CandidateVnomVec node: 634.3, index: 40, cartesian value: (-138.56406460551014+240.00000000000003j), polar value: (277.1281292110204, 119.99999999999999)
Found RatioTapChanger mRIDs: []
Found ConductingEquipment mRIDs: [('_0c90b7b0-0610-460a-8575-cc7e6b824eb3', 'EnergyConsumer', 31, None), ('_1adcc7ff-1229-4aab-a23a-e227ef53eb35', 'EnergyConsumer', 14, None), ('_29956d3d-1949-44a1-bd05-4254fcf6ab7a', 'EnergyConsumer', 10, None), ('_2bd638ee-b6f0-4ee9-b5a6-0db95e6549d7', 'EnergyConsumer', 26, None), ('_3264c4c0-d737-4e65-a5ba-9aae4d42ff0c', 'EnergyConsumer', 38, None), ('_3ad11248-b93a-477a-a0a3-845e15afcffa', 'EnergyConsumer', 40, None), ('_4366c79d-a7c9-416e-a492-a6358f288168', 'LinearShuntCompensator', 24, None), ('_51358b8b-a237-4fcb-a7a4-06ebab4bf8d9', 'LinearShuntCompensator', 30, None), ('_59a65474-9d9f-4948-b12f-0f26f24df03f', 'LinearShuntCompensator', 26, None), ('_65168dcb-498a-4308-97b6-bb912b85e063', 'LinearShuntCompensator', 31, None), ('_6d1a82b2-e61a-4748-b26d-5b18638196f8', 'EnergyConsumer', 0, None), ('_73da71ba-7e52-428f-969f-3558d6ba3ec0', 'EnergyConsumer', 25, None), ('_8625139c-9b7f-424c-bdee-769f4789d6d8', 'EnergyConsumer', 1, None), ('_86487f20-9c50-4033-9290-8d7ddd9d0c42', 'EnergyConsumer', 24, None), ('_86ae698a-465a-4d93-a5f9-0089a53ed087', 'EnergyConsumer', 13, None), ('_960108af-0366-45ef-a206-5428cf5cc479', 'EnergyConsumer', 39, None), ('_9bb588af-1f9d-48cd-bd45-b58fd6bedfb5', 'EnergyConsumer', 12, None), ('_aadc38fd-60f1-4dce-8513-341950e73a51', 'EnergyConsumer', 30, None), ('_cb72265b-76ff-480b-a0be-cac7c53e0574', 'EnergyConsumer', 15, None), ('_ccad9551-7516-436b-84fe-819e0ac84513', 'EnergyConsumer', 11, None), ('_ccd7dc0e-8a0d-4414-a001-8cbdcc9a51dc', 'EnergyConsumer', 29, None)]
Found PNV dictionary: {39: '_01a18c36-999a-483e-8f08-f4095d0857ae', 25: '_5c7addc5-0962-448a-9bb1-f289e6e14b73', 5: '_0770d816-8945-4d8a-83ba-4befd0b1ceca', 23: '_09c6dcc8-20d9-4249-bf99-efc6a4219812', 9: '_0cb3e0eb-8152-41e5-b812-ea180291cc17', 11: '_a5eba304-ff3e-4ca2-8cba-558bab28d587', 2: '_1c2590c9-c7b0-4090-94b8-43e9b2f15477', 22: '_212713f5-2b03-4282-993c-3064558680fa', 24: '_53465430-67fe-400c-83a0-1165e0760f32', 1: '_b95a705b-041e-4ef3-b278-65c7e3311cf7', 7: '_2d7f29ef-3610-48be-a42b-759287015f89', 14: '_e5fd91c4-b2c7-4588-b13f-a28dc2c96d98', 31: '_5beee6b8-cfb3-46ec-b5c2-434411809e1c', 27: '_39905671-1860-435f-876d-171b6d7dc312', 29: '_3aed8640-d654-4e8b-8fae-c655f07253ce', 13: '_f6d703ee-627a-4ac4-8b93-2662a3f07704', 15: '_cad1e7e5-ef37-40b4-83a5-6199cb891ffd', 20: '_4d8f00e8-eccb-47fe-8919-fc053d18ed74', 18: '_5fc02153-d0d0-4a93-9ece-f61afa811f62', 10: '_cb260fda-a67c-4def-b663-b4584073dc2e', 8: '_62c46369-e4a4-44c8-bfbd-57753eda84f2', 6: '_64d914aa-0de0-49c9-b2b5-b12c6412e1e0', 30: '_8b3143b4-f8aa-4d26-baed-a065b22152a2', 0: '_88ccf5a8-7dd6-4ae1-b9b0-2a37f01621fe', 28: '_982d3a8d-32c6-4502-8093-c638c50d0fa7', 3: '_a100cb90-2513-410b-b3ee-247d6d9c0ddf', 40: '_a5365012-ad10-444d-8121-349afefbb3a5', 12: '_b21ebe14-e7bc-4615-89f5-395103750c00', 26: '_e0ef9f1d-d749-4232-b347-c34e34929b11', 19: '_ad4f6589-46dd-479d-932e-8757be636de2', 21: '_be5eb52a-aa67-497b-920b-61c67cf43492', 17: '_d01caddf-1390-4819-a492-18846eae16b8', 4: '_d52476dc-6c4c-4cce-900c-6d15fb8e35de', 16: '_e07fbc4b-63ed-421d-9d5e-ea5d63fa200c', 38: '_f82ea40f-48bf-4d90-8c69-d5460840a6f2'}
PNV dictionary size: 35

Initial Sinj:
[0.+0.j 0.+0.j 0.+0.j 0.+0.j 0.+0.j 0.+0.j 0.+0.j 0.+0.j 0.+0.j 0.+0.j
 0.+0.j 0.+0.j 0.+0.j 0.+0.j 0.+0.j 0.+0.j 0.+0.j 0.+0.j 0.+0.j 0.+0.j
 0.+0.j 0.+0.j 0.+0.j 0.+0.j 0.+0.j 0.+0.j 0.+0.j 0.+0.j 0.+0.j 0.+0.j
 0.+0.j 0.+0.j 0.+0.j 0.+1.j 0.+1.j 0.+0.j 0.+1.j 0.+0.j 0.+0.j 0.+0.j
 0.+0.j]

Final Sinj:
646.2: (-230000-132000.00000000003j)
645.2: (-170000-125000j)
645.3: 0j
646.3: 0j
633.1: 0j
632.1: 0j
632.2: 0j
632.3: 0j
633.2: 0j
633.3: 0j
670.1: (-16999.999999999996-9999.999999999998j)
671.1: (-385000-219999.99999999997j)
671.2: (-385000-219999.99999999997j)
671.3: (-385000-219999.99999999997j)
670.2: (-66000-38000j)
670.3: (-117000-68000j)
RG60.1: 0j
RG60.2: 0j
RG60.3: 0j
680.1: 0j
680.2: 0j
680.3: 0j
684.1: 0j
684.3: 0j
611.3: (-170000-80000j)
652.1: (-128000.00000000001-86000j)
675.1: (-485000+22469.119362915546j)
692.1: 0j
692.2: 0j
692.3: (-170000-150999.99999999997j)
675.2: (-67999.99999999999+160825.717733972j)
675.3: (-290000-39301.49737249041j)
650.1: 0j
SOURCEBUS.1: 1j
SOURCEBUS.3: 1j
650.2: 0j
SOURCEBUS.2: 1j
650.3: 0j
634.1: (-160000-109999.99999999999j)
634.2: (-120000-90000j)
634.3: (-120000-90000j)

converged k: 8

Vfpi:
646.2: rho: 2448.204892631444, phi: -121.52527760397224
index: 0, sim mag: 2431.861565122032
645.2: rho: 2459.4261367703607, phi: -121.45104553413343
index: 1, sim mag: 2443.1579961924695
645.3: rho: 2462.249563783193, phi: 117.40171040597956
index: 2, sim mag: 2437.3145397425315
646.3: rho: 2465.1008422591012, phi: 117.37357270042396
index: 3, sim mag: 2440.201055839805
633.1: rho: 2480.977201429483, phi: -2.907979776173316
index: 4, sim mag: 2494.395480591384
632.1: rho: 2489.197639693046, phi: -2.8510999920720406
index: 5, sim mag: 2502.711333604662
632.2: rho: 2493.741713711615, phi: -121.27637558275994
index: 6, sim mag: 2478.6126802622102
632.3: rho: 2453.8863087991267, phi: 117.4964275694228
index: 7, sim mag: 2423.917029020242
633.2: rho: 2489.377804164208, phi: -121.31322973996501
index: 8, sim mag: 2474.8631598020424
633.3: rho: 2448.225363871414, phi: 117.47429756358329
index: 9, sim mag: 2417.895917634163
670.1: rho: 2478.7179300400066, phi: -4.007093942133576
index: 10, sim mag: 2499.2301915772873
671.1: rho: 2457.977508381506, phi: -6.35026478962388
index: 11, sim mag: 2490.3270890306217
671.2: rho: 2542.423700141076, phi: -121.25087501225474
index: 12, sim mag: 2517.7963318441853
671.3: rho: 2334.288730252193, phi: 115.48459653392477
index: 13, sim mag: 2237.6263568122195
670.2: rho: 2507.9164242199386, phi: -121.26187392192936
index: 14, sim mag: 2488.394706908735
670.3: rho: 2410.890688406322, phi: 116.76443691619941
index: 15, sim mag: 2358.617507744705
RG60.1: rho: 2551.5930945208524, phi: -0.006180191662395237
index: 16, sim mag: 2561.7647462988707
RG60.2: rho: 2521.621532388315, phi: -120.00548991393731
index: 17, sim mag: 2528.072383434007
RG60.3: rho: 2566.506583116497, phi: 119.99404035728178
index: 18, sim mag: 2578.909149883446
680.1: rho: 2457.9775083814216, phi: -6.350264789613008
index: 19, sim mag: 2490.3272997436825
680.2: rho: 2542.423700140518, phi: -121.25087501226487
index: 20, sim mag: 2517.796518967224
680.3: rho: 2334.288730252265, phi: 115.4845965339276
index: 21, sim mag: 2237.626516292056
684.1: rho: 2453.4588964236077, phi: -6.39843598825063
index: 22, sim mag: 2487.0147020592935
684.3: rho: 2325.9961730666982, phi: 115.45659081892693
index: 23, sim mag: 2228.1360216237044
611.3: rho: 2317.706769918492, phi: 115.38334813787654
index: 24, sim mag: 2219.4282543120294
652.1: rho: 2439.31453562811, phi: -6.363187721371056
index: 25, sim mag: 2473.0944679434674
675.1: rho: 2445.8677267521584, phi: -6.713943885855979
index: 26, sim mag: 2475.5102273751077
692.1: rho: 2457.871364742025, phi: -6.357062639201651
index: 27, sim mag: 2490.3066697040763
692.2: rho: 2542.547715159697, phi: -121.25490269971387
index: 28, sim mag: 2517.787251425259
692.3: rho: 2334.090723973391, phi: 115.47977487980124
index: 29, sim mag: 2237.614265632198
675.2: rho: 2551.8521396765946, phi: -121.52118191602854
index: 30, sim mag: 2523.7227422760834
675.3: rho: 2332.482265581538, phi: 115.43098618150563
index: 31, sim mag: 2231.8299537992834
650.1: rho: 2401.7210658356616, phi: -0.0031966114160980976
index: 32, sim mag: 0.0
SOURCEBUS.1: rho: 66395.28095823809, phi: 30.00000025040454
index: 33, sim mag: 0.0
SOURCEBUS.3: rho: 66395.28095602218, phi: 150.00000025008836
index: 34, sim mag: 0.0
650.2: rho: 2401.7321771722623, phi: -120.00278734993233
index: 35, sim mag: 0.0
SOURCEBUS.2: rho: 66395.28095406253, phi: -89.99999974874414
index: 36, sim mag: 0.0
650.3: rho: 2401.6883373425167, phi: 119.99654351894692
index: 37, sim mag: 0.0
634.1: rho: 279.6525872379071, phi: -3.56533139172187
index: 38, sim mag: 281.3097165275678
634.2: rho: 282.05886371445996, phi: -121.7737685843874
index: 39, sim mag: 280.4248847891519
634.3: rho: 277.22229407135677, phi: 116.99788328143711
index: 40, sim mag: 273.7255664123656

Vfpi rho to sim magnitude CSV:
0,646.2,2448.204892631444
1,645.2,2459.4261367703607
2,645.3,2462.249563783193
3,646.3,2465.1008422591012
4,633.1,2480.977201429483
5,632.1,2489.197639693046
6,632.2,2493.741713711615
7,632.3,2453.8863087991267
8,633.2,2489.377804164208
9,633.3,2448.225363871414
10,670.1,2478.7179300400066
11,671.1,2457.977508381506
12,671.2,2542.423700141076
13,671.3,2334.288730252193
14,670.2,2507.9164242199386
15,670.3,2410.890688406322
16,RG60.1,2551.5930945208524
17,RG60.2,2521.621532388315
18,RG60.3,2566.506583116497
19,680.1,2457.9775083814216
20,680.2,2542.423700140518
21,680.3,2334.288730252265
22,684.1,2453.4588964236077
23,684.3,2325.9961730666982
24,611.3,2317.706769918492
25,652.1,2439.31453562811
26,675.1,2445.8677267521584
27,692.1,2457.871364742025
28,692.2,2542.547715159697
29,692.3,2334.090723973391
30,675.2,2551.8521396765946
31,675.3,2332.482265581538
38,634.1,279.6525872379071
39,634.2,282.05886371445996
40,634.3,277.22229407135677

 

Recieved Ybus update at time stamp1593119046
Resolving power flow for updated system
Node2idx size: 41
Node2idx dictionary:
{'646.2': 0, '645.2': 1, '645.3': 2, '646.3': 3, '633.1': 4, '632.1': 5, '632.2': 6, '632.3': 7, '633.2': 8, '633.3': 9, '670.1': 10, '671.1': 11, '671.2': 12, '671.3': 13, '670.2': 14, '670.3': 15, 'RG60.1': 16, 'RG60.2': 17, 'RG60.3': 18, '680.1': 19, '680.2': 20, '680.3': 21, '684.1': 22, '684.3': 23, '611.3': 24, '652.1': 25, '675.1': 26, '692.1': 27, '692.2': 28, '692.3': 29, '675.2': 30, '675.3': 31, '650.1': 32, 'SOURCEBUS.1': 33, 'SOURCEBUS.3': 34, '650.2': 35, 'SOURCEBUS.2': 36, '650.3': 37, '634.1': 38, '634.2': 39, '634.3': 40}

src_idxs: [33, 36, 34]
CandidateVnomVec node: 646.2, index: 0, cartesian value: (-1200.8885599144212-2080.0000000000005j), polar value: (2401.7771198288433, -119.99999999999999)
CandidateVnomVec node: 645.2, index: 1, cartesian value: (-1200.8885599144212-2080.0000000000005j), polar value: (2401.7771198288433, -119.99999999999999)
CandidateVnomVec node: 645.3, index: 2, cartesian value: (-1200.8885599144212+2080.0000000000005j), polar value: (2401.7771198288433, 119.99999999999999)
CandidateVnomVec node: 646.3, index: 3, cartesian value: (-1200.8885599144212+2080.0000000000005j), polar value: (2401.7771198288433, 119.99999999999999)
CandidateVnomVec node: 633.1, index: 4, cartesian value: (2401.7771198288433+0j), polar value: (2401.7771198288433, 0.0)
CandidateVnomVec node: 632.1, index: 5, cartesian value: (2401.7771198288433+0j), polar value: (2401.7771198288433, 0.0)
CandidateVnomVec node: 632.2, index: 6, cartesian value: (-1200.8885599144212-2080.0000000000005j), polar value: (2401.7771198288433, -119.99999999999999)
CandidateVnomVec node: 632.3, index: 7, cartesian value: (-1200.8885599144212+2080.0000000000005j), polar value: (2401.7771198288433, 119.99999999999999)
CandidateVnomVec node: 633.2, index: 8, cartesian value: (-1200.8885599144212-2080.0000000000005j), polar value: (2401.7771198288433, -119.99999999999999)
CandidateVnomVec node: 633.3, index: 9, cartesian value: (-1200.8885599144212+2080.0000000000005j), polar value: (2401.7771198288433, 119.99999999999999)
CandidateVnomVec node: 670.1, index: 10, cartesian value: (2401.7771198288433+0j), polar value: (2401.7771198288433, 0.0)
CandidateVnomVec node: 671.1, index: 11, cartesian value: (2401.7771198288433+0j), polar value: (2401.7771198288433, 0.0)
CandidateVnomVec node: 671.2, index: 12, cartesian value: (-1200.8885599144212-2080.0000000000005j), polar value: (2401.7771198288433, -119.99999999999999)
CandidateVnomVec node: 671.3, index: 13, cartesian value: (-1200.8885599144212+2080.0000000000005j), polar value: (2401.7771198288433, 119.99999999999999)
CandidateVnomVec node: 670.2, index: 14, cartesian value: (-1200.8885599144212-2080.0000000000005j), polar value: (2401.7771198288433, -119.99999999999999)
CandidateVnomVec node: 670.3, index: 15, cartesian value: (-1200.8885599144212+2080.0000000000005j), polar value: (2401.7771198288433, 119.99999999999999)
CandidateVnomVec node: RG60.1, index: 16, cartesian value: (2401.7771198288433+0j), polar value: (2401.7771198288433, 0.0)
CandidateVnomVec node: RG60.2, index: 17, cartesian value: (-1200.8885599144212-2080.0000000000005j), polar value: (2401.7771198288433, -119.99999999999999)
CandidateVnomVec node: RG60.3, index: 18, cartesian value: (-1200.8885599144212+2080.0000000000005j), polar value: (2401.7771198288433, 119.99999999999999)
CandidateVnomVec node: 680.1, index: 19, cartesian value: (2401.7771198288433+0j), polar value: (2401.7771198288433, 0.0)
CandidateVnomVec node: 680.2, index: 20, cartesian value: (-1200.8885599144212-2080.0000000000005j), polar value: (2401.7771198288433, -119.99999999999999)
CandidateVnomVec node: 680.3, index: 21, cartesian value: (-1200.8885599144212+2080.0000000000005j), polar value: (2401.7771198288433, 119.99999999999999)
CandidateVnomVec node: 684.1, index: 22, cartesian value: (2401.7771198288433+0j), polar value: (2401.7771198288433, 0.0)
CandidateVnomVec node: 684.3, index: 23, cartesian value: (-1200.8885599144212+2080.0000000000005j), polar value: (2401.7771198288433, 119.99999999999999)
CandidateVnomVec node: 611.3, index: 24, cartesian value: (-1200.8885599144212+2080.0000000000005j), polar value: (2401.7771198288433, 119.99999999999999)
CandidateVnomVec node: 652.1, index: 25, cartesian value: (2401.7771198288433+0j), polar value: (2401.7771198288433, 0.0)
CandidateVnomVec node: 675.1, index: 26, cartesian value: (2401.7771198288433+0j), polar value: (2401.7771198288433, 0.0)
CandidateVnomVec node: 692.1, index: 27, cartesian value: (2401.7771198288433+0j), polar value: (2401.7771198288433, 0.0)
CandidateVnomVec node: 692.2, index: 28, cartesian value: (-1200.8885599144212-2080.0000000000005j), polar value: (2401.7771198288433, -119.99999999999999)
CandidateVnomVec node: 692.3, index: 29, cartesian value: (-1200.8885599144212+2080.0000000000005j), polar value: (2401.7771198288433, 119.99999999999999)
CandidateVnomVec node: 675.2, index: 30, cartesian value: (-1200.8885599144212-2080.0000000000005j), polar value: (2401.7771198288433, -119.99999999999999)
CandidateVnomVec node: 675.3, index: 31, cartesian value: (-1200.8885599144212+2080.0000000000005j), polar value: (2401.7771198288433, 119.99999999999999)
CandidateVnomVec node: 650.1, index: 32, cartesian value: (2401.7771198288433+0j), polar value: (2401.7771198288433, 0.0)
CandidateVnomVec node: SOURCEBUS.1, index: 33, cartesian value: (57499.99985387391+33197.6407315013j), polar value: (66395.28095680696, 30.0000002521989)
CandidateVnomVec node: SOURCEBUS.3, index: 34, cartesian value: (-57500.00014612608+33197.64022530569j), polar value: (66395.28095680696, 150.00000025219887)
CandidateVnomVec node: 650.2, index: 35, cartesian value: (-1200.8885599144212-2080.0000000000005j), polar value: (2401.7771198288433, -119.99999999999999)
CandidateVnomVec node: SOURCEBUS.2, index: 36, cartesian value: (0.00029225219363589357-66395.28095680696j), polar value: (66395.28095680696, -89.9999997478011)
CandidateVnomVec node: 650.3, index: 37, cartesian value: (-1200.8885599144212+2080.0000000000005j), polar value: (2401.7771198288433, 119.99999999999999)
CandidateVnomVec node: 634.1, index: 38, cartesian value: (277.1281292110204+0j), polar value: (277.1281292110204, 0.0)
CandidateVnomVec node: 634.2, index: 39, cartesian value: (-138.56406460551014-240.00000000000003j), polar value: (277.1281292110204, -119.99999999999999)
CandidateVnomVec node: 634.3, index: 40, cartesian value: (-138.56406460551014+240.00000000000003j), polar value: (277.1281292110204, 119.99999999999999)
Found RatioTapChanger mRIDs: []
Found ConductingEquipment mRIDs: [('_0c90b7b0-0610-460a-8575-cc7e6b824eb3', 'EnergyConsumer', 31, None), ('_1adcc7ff-1229-4aab-a23a-e227ef53eb35', 'EnergyConsumer', 14, None), ('_29956d3d-1949-44a1-bd05-4254fcf6ab7a', 'EnergyConsumer', 10, None), ('_2bd638ee-b6f0-4ee9-b5a6-0db95e6549d7', 'EnergyConsumer', 26, None), ('_3264c4c0-d737-4e65-a5ba-9aae4d42ff0c', 'EnergyConsumer', 38, None), ('_3ad11248-b93a-477a-a0a3-845e15afcffa', 'EnergyConsumer', 40, None), ('_4366c79d-a7c9-416e-a492-a6358f288168', 'LinearShuntCompensator', 24, None), ('_51358b8b-a237-4fcb-a7a4-06ebab4bf8d9', 'LinearShuntCompensator', 30, None), ('_59a65474-9d9f-4948-b12f-0f26f24df03f', 'LinearShuntCompensator', 26, None), ('_65168dcb-498a-4308-97b6-bb912b85e063', 'LinearShuntCompensator', 31, None), ('_6d1a82b2-e61a-4748-b26d-5b18638196f8', 'EnergyConsumer', 0, None), ('_73da71ba-7e52-428f-969f-3558d6ba3ec0', 'EnergyConsumer', 25, None), ('_8625139c-9b7f-424c-bdee-769f4789d6d8', 'EnergyConsumer', 1, None), ('_86487f20-9c50-4033-9290-8d7ddd9d0c42', 'EnergyConsumer', 24, None), ('_86ae698a-465a-4d93-a5f9-0089a53ed087', 'EnergyConsumer', 13, None), ('_960108af-0366-45ef-a206-5428cf5cc479', 'EnergyConsumer', 39, None), ('_9bb588af-1f9d-48cd-bd45-b58fd6bedfb5', 'EnergyConsumer', 12, None), ('_aadc38fd-60f1-4dce-8513-341950e73a51', 'EnergyConsumer', 30, None), ('_cb72265b-76ff-480b-a0be-cac7c53e0574', 'EnergyConsumer', 15, None), ('_ccad9551-7516-436b-84fe-819e0ac84513', 'EnergyConsumer', 11, None), ('_ccd7dc0e-8a0d-4414-a001-8cbdcc9a51dc', 'EnergyConsumer', 29, None)]
Found PNV dictionary: {39: '_01a18c36-999a-483e-8f08-f4095d0857ae', 25: '_5c7addc5-0962-448a-9bb1-f289e6e14b73', 5: '_0770d816-8945-4d8a-83ba-4befd0b1ceca', 23: '_09c6dcc8-20d9-4249-bf99-efc6a4219812', 9: '_0cb3e0eb-8152-41e5-b812-ea180291cc17', 11: '_a5eba304-ff3e-4ca2-8cba-558bab28d587', 2: '_1c2590c9-c7b0-4090-94b8-43e9b2f15477', 22: '_212713f5-2b03-4282-993c-3064558680fa', 24: '_53465430-67fe-400c-83a0-1165e0760f32', 1: '_b95a705b-041e-4ef3-b278-65c7e3311cf7', 7: '_2d7f29ef-3610-48be-a42b-759287015f89', 14: '_e5fd91c4-b2c7-4588-b13f-a28dc2c96d98', 31: '_5beee6b8-cfb3-46ec-b5c2-434411809e1c', 27: '_39905671-1860-435f-876d-171b6d7dc312', 29: '_3aed8640-d654-4e8b-8fae-c655f07253ce', 13: '_f6d703ee-627a-4ac4-8b93-2662a3f07704', 15: '_cad1e7e5-ef37-40b4-83a5-6199cb891ffd', 20: '_4d8f00e8-eccb-47fe-8919-fc053d18ed74', 18: '_5fc02153-d0d0-4a93-9ece-f61afa811f62', 10: '_cb260fda-a67c-4def-b663-b4584073dc2e', 8: '_62c46369-e4a4-44c8-bfbd-57753eda84f2', 6: '_64d914aa-0de0-49c9-b2b5-b12c6412e1e0', 30: '_8b3143b4-f8aa-4d26-baed-a065b22152a2', 0: '_88ccf5a8-7dd6-4ae1-b9b0-2a37f01621fe', 28: '_982d3a8d-32c6-4502-8093-c638c50d0fa7', 3: '_a100cb90-2513-410b-b3ee-247d6d9c0ddf', 40: '_a5365012-ad10-444d-8121-349afefbb3a5', 12: '_b21ebe14-e7bc-4615-89f5-395103750c00', 26: '_e0ef9f1d-d749-4232-b347-c34e34929b11', 19: '_ad4f6589-46dd-479d-932e-8757be636de2', 21: '_be5eb52a-aa67-497b-920b-61c67cf43492', 17: '_d01caddf-1390-4819-a492-18846eae16b8', 4: '_d52476dc-6c4c-4cce-900c-6d15fb8e35de', 16: '_e07fbc4b-63ed-421d-9d5e-ea5d63fa200c', 38: '_f82ea40f-48bf-4d90-8c69-d5460840a6f2'}
PNV dictionary size: 35

Initial Sinj:
[0.+0.j 0.+0.j 0.+0.j 0.+0.j 0.+0.j 0.+0.j 0.+0.j 0.+0.j 0.+0.j 0.+0.j
 0.+0.j 0.+0.j 0.+0.j 0.+0.j 0.+0.j 0.+0.j 0.+0.j 0.+0.j 0.+0.j 0.+0.j
 0.+0.j 0.+0.j 0.+0.j 0.+0.j 0.+0.j 0.+0.j 0.+0.j 0.+0.j 0.+0.j 0.+0.j
 0.+0.j 0.+0.j 0.+0.j 0.+1.j 0.+1.j 0.+0.j 0.+1.j 0.+0.j 0.+0.j 0.+0.j
 0.+0.j]

Final Sinj:
646.2: (-230000-132000.00000000003j)
645.2: (-170000-125000j)
645.3: 0j
646.3: 0j
633.1: 0j
632.1: 0j
632.2: 0j
632.3: 0j
633.2: 0j
633.3: 0j
670.1: (-16999.999999999996-9999.999999999998j)
671.1: (-385000-219999.99999999997j)
671.2: (-385000-219999.99999999997j)
671.3: (-385000-219999.99999999997j)
670.2: (-66000-38000j)
670.3: (-117000-68000j)
RG60.1: 0j
RG60.2: 0j
RG60.3: 0j
680.1: 0j
680.2: 0j
680.3: 0j
684.1: 0j
684.3: 0j
611.3: (-170000-80000j)
652.1: (-128000.00000000001-86000j)
675.1: (-485000+30185.631815872883j)
692.1: 0j
692.2: 0j
692.3: (-170000-150999.99999999997j)
675.2: (-67999.99999999999+151603.2526882363j)
675.3: (-290000-76345.12012913369j)
650.1: 0j
SOURCEBUS.1: 1j
SOURCEBUS.3: 1j
650.2: 0j
SOURCEBUS.2: 1j
650.3: 0j
634.1: (-160000-109999.99999999999j)
634.2: (-120000-90000j)
634.3: (-120000-90000j)

converged k: 10

Vfpi:
646.2: rho: 2401.724207783498, phi: -121.27494475689458
index: 0, sim mag: 2377.735137199679
645.2: rho: 2413.1627235274696, phi: -121.19782523908974
index: 1, sim mag: 2389.2888181569806
645.3: rho: 2267.265150951917, phi: 116.90185412024694
index: 2, sim mag: 2220.5524063627972
646.3: rho: 2270.1875364794514, phi: 116.87167219276031
index: 3, sim mag: 2223.5315000115424
633.1: rho: 2491.8948301622804, phi: -3.0462744937846247
index: 4, sim mag: 2517.431378529956
632.1: rho: 2499.9121671664466, phi: -2.9884362778012465
index: 5, sim mag: 2525.3072666786347
632.2: rho: 2448.1404073954163, phi: -121.01649099213087
index: 6, sim mag: 2425.549118991769
632.3: rho: 2258.6873329400605, phi: 117.00389323198546
index: 7, sim mag: 2206.8087373870094
633.2: rho: 2443.6394918522733, phi: -121.04981002174705
index: 8, sim mag: 2421.5357568332047
633.3: rho: 2252.3577014074945, phi: 116.97335865498414
index: 9, sim mag: 2199.930799331292
670.1: rho: 2493.0259323571313, phi: -4.188167104648084
index: 10, sim mag: 2529.375516714233
671.1: rho: 2479.254944461456, phi: -6.60519849889744
index: 11, sim mag: 2534.8406682192194
671.2: rho: 2497.6984490036366, phi: -120.71562679854617
index: 12, sim mag: 2463.7934432047255
671.3: rho: 2112.523852270206, phi: 114.47001701318695
index: 13, sim mag: 1986.2915170271453
670.2: rho: 2462.5737653880537, phi: -120.90480624838632
index: 14, sim mag: 2434.815799608858
670.3: rho: 2206.3525402431874, phi: 116.09734365096938
index: 15, sim mag: 2129.285933221037
RG60.1: rho: 2551.597106992048, phi: -0.0061555072365611745
index: 16, sim mag: 2561.767282339871
RG60.2: rho: 2476.589733981815, phi: -120.00545423684001
index: 17, sim mag: 2479.140313981169
RG60.3: rho: 2401.374247273408, phi: 119.99434609755514
index: 18, sim mag: 2401.5855203149436
680.1: rho: 2479.2549444616943, phi: -6.605198498901471
index: 19, sim mag: 2534.8408875835366
680.2: rho: 2497.6984490034533, phi: -120.71562679854453
index: 20, sim mag: 2463.7936271882854
680.3: rho: 2112.5238522701316, phi: 114.47001701318699
index: 21, sim mag: 1986.2916514685212
684.1: rho: 2475.0220103919123, phi: -6.655204534227493
index: 22, sim mag: 2532.1014729197905
684.3: rho: 2103.3207745941218, phi: 114.43013049305945
index: 23, sim mag: 1975.621098451086
611.3: rho: 2094.145974997134, phi: 114.34048691988347
index: 24, sim mag: 1965.78837613255
652.1: rho: 2461.002344279846, phi: -6.62057136236574
index: 25, sim mag: 2518.431916951901
675.1: rho: 2467.025299323167, phi: -6.988925339153452
index: 26, sim mag: 2520.062453735406
692.1: rho: 2479.1541685544958, phi: -6.611986084750631
index: 27, sim mag: 2534.8203059538528
692.2: rho: 2497.8179234035533, phi: -120.71964279987974
index: 28, sim mag: 2463.7845417778112
692.3: rho: 2112.2711595127266, phi: 114.46504253704462
index: 29, sim mag: 1986.2797386669095
675.2: rho: 2507.980806683107, phi: -120.98455103212115
index: 30, sim mag: 2470.4609052271803
675.3: rho: 2108.187748617195, phi: 114.4528911072469
index: 31, sim mag: 1978.0375263577707
650.1: rho: 2401.7222194272485, phi: -0.0031738316408727618
index: 32, sim mag: 0.0
SOURCEBUS.1: rho: 66395.28094953105, phi: 30.00000025240568
index: 33, sim mag: 0.0
SOURCEBUS.3: rho: 66395.28095863805, phi: 150.00000025459755
index: 34, sim mag: 0.0
650.2: rho: 2401.7309811152877, phi: -120.00278525876249
index: 35, sim mag: 0.0
SOURCEBUS.2: rho: 66395.28097084421, phi: -89.99999975232015
index: 36, sim mag: 0.0
650.3: rho: 2401.6739736014083, phi: 119.99651712528112
index: 37, sim mag: 0.0
634.1: rho: 280.942209783047, phi: -3.6977498338107795
index: 38, sim mag: 284.0303557788518
634.2: rho: 276.6831244090003, phi: -121.52804475566816
index: 39, sim mag: 274.15379882375015
634.3: rho: 254.15439951607325, phi: 116.40870874885164
index: 40, sim mag: 248.02814893270374

Vfpi rho to sim magnitude CSV:
0,646.2,2401.724207783498
1,645.2,2413.1627235274696
2,645.3,2267.265150951917
3,646.3,2270.1875364794514
4,633.1,2491.8948301622804
5,632.1,2499.9121671664466
6,632.2,2448.1404073954163
7,632.3,2258.6873329400605
8,633.2,2443.6394918522733
9,633.3,2252.3577014074945
10,670.1,2493.0259323571313
11,671.1,2479.254944461456
12,671.2,2497.6984490036366
13,671.3,2112.523852270206
14,670.2,2462.5737653880537
15,670.3,2206.3525402431874
16,RG60.1,2551.597106992048
17,RG60.2,2476.589733981815
18,RG60.3,2401.374247273408
19,680.1,2479.2549444616943
20,680.2,2497.6984490034533
21,680.3,2112.5238522701316
22,684.1,2475.0220103919123
23,684.3,2103.3207745941218
24,611.3,2094.145974997134
25,652.1,2461.002344279846
26,675.1,2467.025299323167
27,692.1,2479.1541685544958
28,692.2,2497.8179234035533
29,692.3,2112.2711595127266
30,675.2,2507.980806683107
31,675.3,2108.187748617195
38,634.1,280.942209783047
39,634.2,276.6831244090003
40,634.3,254.15439951607325

 

